# JRE version: OpenJDK Runtime Environment (23.0.1+11) (build 23.0.1+11-39)
# Java VM: OpenJDK 64-Bit Server VM (23.0.1+11-39, mixed mode, sharing, tiered, compressed oops, compressed class ptrs, g1 gc, windows-amd64)
GC Precious Log:
 CardTable entry size: 512
 Card Set container configuration: InlinePtr #cards 4 size 8 Array Of Cards #cards 32 size 80 Howl #buckets 8 coarsen threshold 7372 Howl Bitmap #cards 1024 size 144 coarsen threshold 921 Card regions per heap region 1 cards per card region 8192
 CPUs: 12 total, 12 available
 Memory: 32635M
 Large Page Support: Disabled
 NUMA Support: Disabled
 Compressed Oops: Enabled (Zero based)
 Heap Region Size: 4M
 Heap Min Capacity: 8M
 Heap Initial Capacity: 512M
 Heap Max Capacity: 8160M
 Pre-touch: Disabled
 Parallel Workers: 10
 Concurrent Workers: 3
 Concurrent Refinement Workers: 10
 Periodic GC: Disabled
Heap:
 garbage-first heap   total reserved 8355840K, committed 843776K, used 473637K [0x0000000602000000, 0x0000000800000000)
  region size 4096K, 75 young (307200K), 2 survivors (8192K)
 Metaspace       used 29523K, committed 30080K, reserved 1114112K
  class space    used 2952K, committed 3136K, reserved 1048576K
GC Heap History (20 events):
Event: 1022.410 GC heap before
{Heap before GC invocations=209 (full 1):
 garbage-first heap   total reserved 8355840K, committed 843776K, used 671430K [0x0000000602000000, 0x0000000800000000)
  region size 4096K, 123 young (503808K), 3 survivors (12288K)
 Metaspace       used 29518K, committed 30080K, reserved 1114112K
  class space    used 2952K, committed 3136K, reserved 1048576K
}
Event: 1022.415 GC heap after
{Heap after GC invocations=210 (full 1):
 garbage-first heap   total reserved 8355840K, committed 843776K, used 180513K [0x0000000602000000, 0x0000000800000000)
  region size 4096K, 3 young (12288K), 3 survivors (12288K)
 Metaspace       used 29518K, committed 30080K, reserved 1114112K
  class space    used 2952K, committed 3136K, reserved 1048576K
}
Event: 1025.099 GC heap before
{Heap before GC invocations=210 (full 1):
 garbage-first heap   total reserved 8355840K, committed 843776K, used 680225K [0x0000000602000000, 0x0000000800000000)
  region size 4096K, 123 young (503808K), 3 survivors (12288K)
 Metaspace       used 29518K, committed 30080K, reserved 1114112K
  class space    used 2952K, committed 3136K, reserved 1048576K
}
Event: 1025.103 GC heap after
{Heap after GC invocations=211 (full 1):
 garbage-first heap   total reserved 8355840K, committed 843776K, used 181237K [0x0000000602000000, 0x0000000800000000)
  region size 4096K, 3 young (12288K), 3 survivors (12288K)
 Metaspace       used 29518K, committed 30080K, reserved 1114112K
  class space    used 2952K, committed 3136K, reserved 1048576K
}
Event: 1026.136 GC heap before
{Heap before GC invocations=211 (full 1):
 garbage-first heap   total reserved 8355840K, committed 843776K, used 668661K [0x0000000602000000, 0x0000000800000000)
  region size 4096K, 123 young (503808K), 3 survivors (12288K)
 Metaspace       used 29518K, committed 30080K, reserved 1114112K
  class space    used 2952K, committed 3136K, reserved 1048576K
}
Event: 1026.140 GC heap after
{Heap after GC invocations=212 (full 1):
 garbage-first heap   total reserved 8355840K, committed 843776K, used 182703K [0x0000000602000000, 0x0000000800000000)
  region size 4096K, 3 young (12288K), 3 survivors (12288K)
 Metaspace       used 29518K, committed 30080K, reserved 1114112K
  class space    used 2952K, committed 3136K, reserved 1048576K
}
Event: 1027.064 GC heap before
{Heap before GC invocations=212 (full 1):
 garbage-first heap   total reserved 8355840K, committed 843776K, used 674223K [0x0000000602000000, 0x0000000800000000)
  region size 4096K, 123 young (503808K), 3 survivors (12288K)
 Metaspace       used 29518K, committed 30080K, reserved 1114112K
  class space    used 2952K, committed 3136K, reserved 1048576K
}
Event: 1027.068 GC heap after
{Heap after GC invocations=213 (full 1):
 garbage-first heap   total reserved 8355840K, committed 843776K, used 182059K [0x0000000602000000, 0x0000000800000000)
  region size 4096K, 3 young (12288K), 3 survivors (12288K)
 Metaspace       used 29518K, committed 30080K, reserved 1114112K
  class space    used 2952K, committed 3136K, reserved 1048576K
}
Event: 1027.641 GC heap before
{Heap before GC invocations=213 (full 1):
 garbage-first heap   total reserved 8355840K, committed 843776K, used 673579K [0x0000000602000000, 0x0000000800000000)
  region size 4096K, 123 young (503808K), 3 survivors (12288K)
 Metaspace       used 29518K, committed 30080K, reserved 1114112K
  class space    used 2952K, committed 3136K, reserved 1048576K
}
Event: 1027.645 GC heap after
{Heap after GC invocations=214 (full 1):
 garbage-first heap   total reserved 8355840K, committed 843776K, used 181839K [0x0000000602000000, 0x0000000800000000)
  region size 4096K, 3 young (12288K), 3 survivors (12288K)
 Metaspace       used 29518K, committed 30080K, reserved 1114112K
  class space    used 2952K, committed 3136K, reserved 1048576K
}
Event: 1028.123 GC heap before
{Heap before GC invocations=214 (full 1):
 garbage-first heap   total reserved 8355840K, committed 843776K, used 669263K [0x0000000602000000, 0x0000000800000000)
  region size 4096K, 123 young (503808K), 3 survivors (12288K)
 Metaspace       used 29518K, committed 30080K, reserved 1114112K
  class space    used 2952K, committed 3136K, reserved 1048576K
}
Event: 1028.126 GC heap after
{Heap after GC invocations=215 (full 1):
 garbage-first heap   total reserved 8355840K, committed 843776K, used 182216K [0x0000000602000000, 0x0000000800000000)
  region size 4096K, 3 young (12288K), 3 survivors (12288K)
 Metaspace       used 29518K, committed 30080K, reserved 1114112K
  class space    used 2952K, committed 3136K, reserved 1048576K
}
Event: 1028.893 GC heap before
{Heap before GC invocations=215 (full 1):
 garbage-first heap   total reserved 8355840K, committed 843776K, used 673736K [0x0000000602000000, 0x0000000800000000)
  region size 4096K, 123 young (503808K), 3 survivors (12288K)
 Metaspace       used 29518K, committed 30080K, reserved 1114112K
  class space    used 2952K, committed 3136K, reserved 1048576K
}
Event: 1028.896 GC heap after
{Heap after GC invocations=216 (full 1):
 garbage-first heap   total reserved 8355840K, committed 843776K, used 182392K [0x0000000602000000, 0x0000000800000000)
  region size 4096K, 2 young (8192K), 2 survivors (8192K)
 Metaspace       used 29518K, committed 30080K, reserved 1114112K
  class space    used 2952K, committed 3136K, reserved 1048576K
}
Event: 1029.533 GC heap before
{Heap before GC invocations=216 (full 1):
 garbage-first heap   total reserved 8355840K, committed 843776K, used 686200K [0x0000000602000000, 0x0000000800000000)
  region size 4096K, 123 young (503808K), 2 survivors (8192K)
 Metaspace       used 29518K, committed 30080K, reserved 1114112K
  class space    used 2952K, committed 3136K, reserved 1048576K
}
Event: 1029.536 GC heap after
{Heap after GC invocations=217 (full 1):
 garbage-first heap   total reserved 8355840K, committed 843776K, used 182329K [0x0000000602000000, 0x0000000800000000)
  region size 4096K, 2 young (8192K), 2 survivors (8192K)
 Metaspace       used 29518K, committed 30080K, reserved 1114112K
  class space    used 2952K, committed 3136K, reserved 1048576K
}
Event: 1031.785 GC heap before
{Heap before GC invocations=217 (full 1):
 garbage-first heap   total reserved 8355840K, committed 843776K, used 690233K [0x0000000602000000, 0x0000000800000000)
  region size 4096K, 123 young (503808K), 2 survivors (8192K)
 Metaspace       used 29520K, committed 30080K, reserved 1114112K
  class space    used 2952K, committed 3136K, reserved 1048576K
}
Event: 1031.788 GC heap after
{Heap after GC invocations=218 (full 1):
 garbage-first heap   total reserved 8355840K, committed 843776K, used 182767K [0x0000000602000000, 0x0000000800000000)
  region size 4096K, 2 young (8192K), 2 survivors (8192K)
 Metaspace       used 29520K, committed 30080K, reserved 1114112K
  class space    used 2952K, committed 3136K, reserved 1048576K
}
Event: 1034.731 GC heap before
{Heap before GC invocations=218 (full 1):
 garbage-first heap   total reserved 8355840K, committed 843776K, used 678383K [0x0000000602000000, 0x0000000800000000)
  region size 4096K, 123 young (503808K), 2 survivors (8192K)
 Metaspace       used 29523K, committed 30080K, reserved 1114112K
  class space    used 2952K, committed 3136K, reserved 1048576K
}
Event: 1034.734 GC heap after
{Heap after GC invocations=219 (full 1):
 garbage-first heap   total reserved 8355840K, committed 843776K, used 182821K [0x0000000602000000, 0x0000000800000000)
  region size 4096K, 2 young (8192K), 2 survivors (8192K)
 Metaspace       used 29523K, committed 30080K, reserved 1114112K
  class space    used 2952K, committed 3136K, reserved 1048576K
}

